<?xml version="1.0" encoding="UTF-8"?>
<!-- Generated by org.testng.reporters.JUnitReportReporter -->
<testsuite hostname="Zunairakagzi" name="homePage.VerifyTitle" tests="1" failures="0" timestamp="11 Oct 2017 16:12:35 GMT" time="85.209" errors="0">
  <testcase name="HomePageTitle" time="85.209" classname="homePage.VerifyTitle"/>
</testsuite> <!-- homePage.VerifyTitle -->
