<?xml version="1.0" encoding="UTF-8"?>
<!-- Generated by org.testng.reporters.JUnitReportReporter -->
<testsuite hostname="Zunairakagzi" name="com.chase.creditcards.DemoForMaven" tests="1" failures="0" timestamp="12 Oct 2017 14:08:08 GMT" time="0.016" errors="0">
  <testcase name="TestMaven" time="0.016" classname="com.chase.creditcards.DemoForMaven"/>
</testsuite> <!-- com.chase.creditcards.DemoForMaven -->
