<?xml version="1.0" encoding="UTF-8"?>
<!-- Generated by org.testng.reporters.JUnitReportReporter -->
<testsuite hostname="Zunairakagzi" name="homePage.VerifyTitle" tests="1" failures="0" timestamp="12 Oct 2017 14:08:08 GMT" time="23.047" errors="0">
  <testcase name="HomePageTitle" time="23.047" classname="homePage.VerifyTitle"/>
</testsuite> <!-- homePage.VerifyTitle -->
