<?xml version="1.0" encoding="UTF-8"?>
<!-- Generated by org.testng.reporters.JUnitReportReporter -->
<testsuite hostname="Zunairakagzi" name="com.chase.creditcards.DemoForMaven" tests="1" failures="0" timestamp="11 Oct 2017 16:29:16 GMT" time="0.031" errors="0">
  <testcase name="TestMaven" time="0.031" classname="com.chase.creditcards.DemoForMaven"/>
</testsuite> <!-- com.chase.creditcards.DemoForMaven -->
